[    0.000000] Linux version 4.15.0-66-generic (buildd@lgw01-amd64-044) (gcc version 7.4.0 (Ubuntu 7.4.0-1ubuntu1~18.04.1)) #75-Ubuntu SMP Tue Oct 1 05:24:09 UTC 2019 (Ubuntu 4.15.0-66.75-generic 4.15.18)
[    0.000000] Command line: BOOT_IMAGE=/boot/vmlinuz-4.15.0-66-generic root=LABEL=cloudimg-rootfs ro console=tty1 console=ttyS0
[    0.000000] KERNEL supported cpus:
[    0.000000]   Intel GenuineIntel
[    0.000000]   AMD AuthenticAMD
[    0.000000]   Centaur CentaurHauls
[    0.000000] x86/fpu: Supporting XSAVE feature 0x001: 'x87 floating point registers'
[    0.000000] x86/fpu: Supporting XSAVE feature 0x002: 'SSE registers'
[    0.000000] x86/fpu: Supporting XSAVE feature 0x004: 'AVX registers'
[    0.000000] x86/fpu: xstate_offset[2]:  576, xstate_sizes[2]:  256
[    0.000000] x86/fpu: Enabled xstate features 0x7, context size is 832 bytes, using 'standard' format.
[    0.000000] e820: BIOS-provided physical RAM map:
[    0.000000] BIOS-e820: [mem 0x0000000000000000-0x000000000009fbff] usable
[    0.000000] BIOS-e820: [mem 0x000000000009fc00-0x000000000009ffff] reserved
[    0.000000] BIOS-e820: [mem 0x00000000000f0000-0x00000000000fffff] reserved
[    0.000000] BIOS-e820: [mem 0x0000000000100000-0x000000007ffeffff] usable
[    0.000000] BIOS-e820: [mem 0x000000007fff0000-0x000000007fffffff] ACPI data
[    0.000000] BIOS-e820: [mem 0x00000000fec00000-0x00000000fec00fff] reserved
[    0.000000] BIOS-e820: [mem 0x00000000fee00000-0x00000000fee00fff] reserved
[    0.000000] BIOS-e820: [mem 0x00000000fffc0000-0x00000000ffffffff] reserved
[    0.000000] NX (Execute Disable) protection: active
[    0.000000] SMBIOS 2.5 present.
[    0.000000] DMI: innotek GmbH VirtualBox/VirtualBox, BIOS VirtualBox 12/01/2006
[    0.000000] Hypervisor detected: KVM
[    0.000000] e820: last_pfn = 0x7fff0 max_arch_pfn = 0x400000000
[    0.000000] MTRR: Disabled
[    0.000000] x86/PAT: MTRRs disabled, skipping PAT initialization too.
[    0.000000] CPU MTRRs all blank - virtualized system.
[    0.000000] x86/PAT: Configuration [0-7]: WB  WT  UC- UC  WB  WT  UC- UC  
[    0.000000] found SMP MP-table at [mem 0x0009fff0-0x0009ffff]
[    0.000000] Scanning 1 areas for low memory corruption
[    0.000000] RAMDISK: [mem 0x35a8b000-0x36d3cfff]
[    0.000000] ACPI: Early table checksum verification disabled
[    0.000000] ACPI: RSDP 0x00000000000E0000 000024 (v02 VBOX  )
[    0.000000] ACPI: XSDT 0x000000007FFF0030 00003C (v01 VBOX   VBOXXSDT 00000001 ASL  00000061)
[    0.000000] ACPI: FACP 0x000000007FFF00F0 0000F4 (v04 VBOX   VBOXFACP 00000001 ASL  00000061)
[    0.000000] ACPI: DSDT 0x000000007FFF0470 0022EA (v02 VBOX   VBOXBIOS 00000002 INTL 20100528)
[    0.000000] ACPI: FACS 0x000000007FFF0200 000040
[    0.000000] ACPI: FACS 0x000000007FFF0200 000040
[    0.000000] ACPI: APIC 0x000000007FFF0240 00005C (v02 VBOX   VBOXAPIC 00000001 ASL  00000061)
[    0.000000] ACPI: SSDT 0x000000007FFF02A0 0001CC (v01 VBOX   VBOXCPUT 00000002 INTL 20100528)
[    0.000000] No NUMA configuration found
[    0.000000] Faking a node at [mem 0x0000000000000000-0x000000007ffeffff]
[    0.000000] NODE_DATA(0) allocated [mem 0x7ffc5000-0x7ffeffff]
[    0.000000] kvm-clock: cpu 0, msr 0:7ff44001, primary cpu clock
[    0.000000] kvm-clock: Using msrs 4b564d01 and 4b564d00
[    0.000000] kvm-clock: using sched offset of 3681266694 cycles
[    0.000000] clocksource: kvm-clock: mask: 0xffffffffffffffff max_cycles: 0x1cd42e4dffb, max_idle_ns: 881590591483 ns
[    0.000000] Zone ranges:
[    0.000000]   DMA      [mem 0x0000000000001000-0x0000000000ffffff]
[    0.000000]   DMA32    [mem 0x0000000001000000-0x000000007ffeffff]
[    0.000000]   Normal   empty
[    0.000000]   Device   empty
[    0.000000] Movable zone start for each node
[    0.000000] Early memory node ranges
[    0.000000]   node   0: [mem 0x0000000000001000-0x000000000009efff]
[    0.000000]   node   0: [mem 0x0000000000100000-0x000000007ffeffff]
[    0.000000] Reserved but unavailable: 98 pages
[    0.000000] Initmem setup node 0 [mem 0x0000000000001000-0x000000007ffeffff]
[    0.000000] ACPI: PM-Timer IO Port: 0x4008
[    0.000000] IOAPIC[0]: apic_id 2, version 32, address 0xfec00000, GSI 0-23
[    0.000000] ACPI: INT_SRC_OVR (bus 0 bus_irq 0 global_irq 2 dfl dfl)
[    0.000000] ACPI: INT_SRC_OVR (bus 0 bus_irq 9 global_irq 9 low level)
[    0.000000] Using ACPI (MADT) for SMP configuration information
[    0.000000] smpboot: Allowing 2 CPUs, 0 hotplug CPUs
[    0.000000] PM: Registered nosave memory: [mem 0x00000000-0x00000fff]
[    0.000000] PM: Registered nosave memory: [mem 0x0009f000-0x0009ffff]
[    0.000000] PM: Registered nosave memory: [mem 0x000a0000-0x000effff]
[    0.000000] PM: Registered nosave memory: [mem 0x000f0000-0x000fffff]
[    0.000000] e820: [mem 0x80000000-0xfebfffff] available for PCI devices
[    0.000000] Booting paravirtualized kernel on KVM
[    0.000000] clocksource: refined-jiffies: mask: 0xffffffff max_cycles: 0xffffffff, max_idle_ns: 7645519600211568 ns
[    0.000000] random: get_random_bytes called from start_kernel+0x99/0x4fd with crng_init=0
[    0.000000] setup_percpu: NR_CPUS:8192 nr_cpumask_bits:2 nr_cpu_ids:2 nr_node_ids:1
[    0.000000] percpu: Embedded 46 pages/cpu s151552 r8192 d28672 u1048576
[    0.000000] PV qspinlock hash table entries: 256 (order: 0, 4096 bytes)
[    0.000000] Built 1 zonelists, mobility grouping on.  Total pages: 515961
[    0.000000] Policy zone: DMA32
[    0.000000] Kernel command line: BOOT_IMAGE=/boot/vmlinuz-4.15.0-66-generic root=LABEL=cloudimg-rootfs ro console=tty1 console=ttyS0
[    0.000000] Memory: 2015628K/2096696K available (12300K kernel code, 2481K rwdata, 4260K rodata, 2436K init, 2388K bss, 81068K reserved, 0K cma-reserved)
[    0.000000] SLUB: HWalign=64, Order=0-3, MinObjects=0, CPUs=2, Nodes=1
[    0.000000] Kernel/User page tables isolation: enabled
[    0.000000] ftrace: allocating 39306 entries in 154 pages
[    0.004000] Hierarchical RCU implementation.
[    0.004000] 	RCU restricting CPUs from NR_CPUS=8192 to nr_cpu_ids=2.
[    0.004000] 	Tasks RCU enabled.
[    0.004000] RCU: Adjusting geometry for rcu_fanout_leaf=16, nr_cpu_ids=2
[    0.004000] NR_IRQS: 524544, nr_irqs: 440, preallocated irqs: 16
[    0.004000] Console: colour VGA+ 80x25
[    0.004000] console [tty1] enabled
[    0.004000] console [ttyS0] enabled
[    0.004000] ACPI: Core revision 20170831
[    0.004000] ACPI: 2 ACPI AML tables successfully acquired and loaded
[    0.004000] APIC: Switch to symmetric I/O mode setup
[    0.004000] x2apic enabled
[    0.004000] Switched APIC routing to physical x2apic.
[    0.004000] ..TIMER: vector=0x30 apic1=0 pin1=2 apic2=-1 pin2=-1
[    0.004006] tsc: Detected 2399.998 MHz processor
[    0.005069] Calibrating delay loop (skipped) preset value.. 4799.99 BogoMIPS (lpj=9599992)
[    0.008004] pid_max: default: 32768 minimum: 301
[    0.009281] Security Framework initialized
[    0.010051] Yama: becoming mindful.
[    0.010728] AppArmor: AppArmor initialized
[    0.013508] Dentry cache hash table entries: 262144 (order: 9, 2097152 bytes)
[    0.016000] Inode-cache hash table entries: 131072 (order: 8, 1048576 bytes)
[    0.016017] Mount-cache hash table entries: 4096 (order: 3, 32768 bytes)
[    0.017389] Mountpoint-cache hash table entries: 4096 (order: 3, 32768 bytes)
[    0.018826] Last level iTLB entries: 4KB 64, 2MB 8, 4MB 8
[    0.020002] Last level dTLB entries: 4KB 64, 2MB 0, 4MB 0, 1GB 4
[    0.021216] Spectre V1 : Mitigation: usercopy/swapgs barriers and __user pointer sanitization
[    0.024001] Spectre V2 : Mitigation: Full generic retpoline
[    0.025382] Spectre V2 : Spectre v2 / SpectreRSB mitigation: Filling RSB on context switch
[    0.028031] Speculative Store Bypass: Vulnerable
[    0.030585] MDS: Mitigation: Clear CPU buffers
[    0.032154] Freeing SMP alternatives memory: 36K
[    0.144082] smpboot: CPU0: Intel(R) Core(TM) i5-8279U CPU @ 2.40GHz (family: 0x6, model: 0x8e, stepping: 0xa)
[    0.146982] Performance Events: unsupported p6 CPU model 142 no PMU driver, software events only.
[    0.148034] Hierarchical SRCU implementation.
[    0.149288] NMI watchdog: Perf event create on CPU 0 failed with -2
[    0.151138] NMI watchdog: Perf NMI watchdog permanently disabled
[    0.152052] smp: Bringing up secondary CPUs ...
[    0.152950] x86: Booting SMP configuration:
[    0.153779] .... node  #0, CPUs:      #1
[    0.004000] kvm-clock: cpu 1, msr 0:7ff44041, secondary cpu clock
[    0.159533] smp: Brought up 1 node, 2 CPUs
[    0.160005] smpboot: Max logical packages: 1
[    0.160803] smpboot: Total of 2 processors activated (9599.99 BogoMIPS)
[    0.162129] devtmpfs: initialized
[    0.162129] x86/mm: Memory block size: 128MB
[    0.164147] evm: security.selinux
[    0.164773] evm: security.SMACK64
[    0.165393] evm: security.SMACK64EXEC
[    0.166114] evm: security.SMACK64TRANSMUTE
[    0.167335] evm: security.SMACK64MMAP
[    0.168002] evm: security.apparmor
[    0.168679] evm: security.ima
[    0.169256] evm: security.capability
[    0.169979] clocksource: jiffies: mask: 0xffffffff max_cycles: 0xffffffff, max_idle_ns: 7645041785100000 ns
[    0.172009] futex hash table entries: 512 (order: 3, 32768 bytes)
[    0.173451] pinctrl core: initialized pinctrl subsystem
[    0.174764] RTC time:  8:32:06, date: 11/21/19
[    0.176156] NET: Registered protocol family 16
[    0.177191] audit: initializing netlink subsys (disabled)
[    0.178417] audit: type=2000 audit(1574325130.939:1): state=initialized audit_enabled=0 res=1
[    0.180012] cpuidle: using governor ladder
[    0.180811] cpuidle: using governor menu
[    0.181607] ACPI: bus type PCI registered
[    0.182390] acpiphp: ACPI Hot Plug PCI Controller Driver version: 0.5
[    0.184104] PCI: Using configuration type 1 for base access
[    0.188099] HugeTLB registered 2.00 MiB page size, pre-allocated 0 pages
[    0.189395] ACPI: Added _OSI(Module Device)
[    0.192003] ACPI: Added _OSI(Processor Device)
[    0.192889] ACPI: Added _OSI(3.0 _SCP Extensions)
[    0.193857] ACPI: Added _OSI(Processor Aggregator Device)
[    0.194933] ACPI: Added _OSI(Linux-Dell-Video)
[    0.196009] ACPI: Added _OSI(Linux-Lenovo-NV-HDMI-Audio)
[    0.196991] ACPI: Added _OSI(Linux-HPI-Hybrid-Graphics)
[    0.198321] ACPI: Executed 1 blocks of module-level executable AML code
[    0.202196] ACPI: Interpreter enabled
[    0.202955] ACPI: (supports S0 S5)
[    0.203625] ACPI: Using IOAPIC for interrupt routing
[    0.204202] PCI: Using host bridge windows from ACPI; if necessary, use "pci=nocrs" and report a bug
[    0.206162] ACPI: Enabled 2 GPEs in block 00 to 07
[    0.214173] ACPI: PCI Root Bridge [PCI0] (domain 0000 [bus 00-ff])
[    0.215385] acpi PNP0A03:00: _OSC: OS supports [ASPM ClockPM Segments MSI]
[    0.216356] acpi PNP0A03:00: _OSC: not requesting OS control; OS requires [ExtendedConfig ASPM ClockPM MSI]
[    0.218660] acpi PNP0A03:00: fail to add MMCONFIG information, can't access extended PCI configuration space under this bridge.
[    0.220587] PCI host bridge to bus 0000:00
[    0.221721] pci_bus 0000:00: root bus resource [io  0x0000-0x0cf7 window]
[    0.224006] pci_bus 0000:00: root bus resource [io  0x0d00-0xffff window]
[    0.225953] pci_bus 0000:00: root bus resource [mem 0x000a0000-0x000bffff window]
[    0.228007] pci_bus 0000:00: root bus resource [mem 0x80000000-0xfdffffff window]
[    0.229568] pci_bus 0000:00: root bus resource [bus 00-ff]
[    0.234675] pci 0000:00:01.1: legacy IDE quirk: reg 0x10: [io  0x01f0-0x01f7]
[    0.236003] pci 0000:00:01.1: legacy IDE quirk: reg 0x14: [io  0x03f6]
[    0.237326] pci 0000:00:01.1: legacy IDE quirk: reg 0x18: [io  0x0170-0x0177]
[    0.239009] pci 0000:00:01.1: legacy IDE quirk: reg 0x1c: [io  0x0376]
[    0.262743] pci 0000:00:07.0: quirk: [io  0x4000-0x403f] claimed by PIIX4 ACPI
[    0.264025] pci 0000:00:07.0: quirk: [io  0x4100-0x410f] claimed by PIIX4 SMB
[    0.282279] ACPI: PCI Interrupt Link [LNKA] (IRQs 5 9 10 *11)
[    0.283699] ACPI: PCI Interrupt Link [LNKB] (IRQs 5 9 *10 11)
[    0.284115] ACPI: PCI Interrupt Link [LNKC] (IRQs 5 *9 10 11)
[    0.285271] ACPI: PCI Interrupt Link [LNKD] (IRQs 5 9 10 *11)
[    0.286650] SCSI subsystem initialized
[    0.288050] pci 0000:00:02.0: vgaarb: setting as boot VGA device
[    0.289121] pci 0000:00:02.0: vgaarb: VGA device added: decodes=io+mem,owns=io+mem,locks=none
[    0.290655] pci 0000:00:02.0: vgaarb: bridge control possible
[    0.292002] vgaarb: loaded
[    0.292553] ACPI: bus type USB registered
[    0.293311] usbcore: registered new interface driver usbfs
[    0.294318] usbcore: registered new interface driver hub
[    0.295344] usbcore: registered new device driver usb
[    0.296055] EDAC MC: Ver: 3.0.0
[    0.297392] PCI: Using ACPI for IRQ routing
[    0.297452] NetLabel: Initializing
[    0.300002] NetLabel:  domain hash size = 128
[    0.300795] NetLabel:  protocols = UNLABELED CIPSOv4 CALIPSO
[    0.301846] NetLabel:  unlabeled traffic allowed by default
[    0.304059] clocksource: Switched to clocksource kvm-clock
[    0.317064] VFS: Disk quotas dquot_6.6.0
[    0.318174] VFS: Dquot-cache hash table entries: 512 (order 0, 4096 bytes)
[    0.319443] AppArmor: AppArmor Filesystem Enabled
[    0.320348] pnp: PnP ACPI init
[    0.322009] pnp: PnP ACPI: found 3 devices
[    0.330586] clocksource: acpi_pm: mask: 0xffffff max_cycles: 0xffffff, max_idle_ns: 2085701024 ns
[    0.333351] NET: Registered protocol family 2
[    0.334267] TCP established hash table entries: 16384 (order: 5, 131072 bytes)
[    0.335614] TCP bind hash table entries: 16384 (order: 6, 262144 bytes)
[    0.336827] TCP: Hash tables configured (established 16384 bind 16384)
[    0.339897] UDP hash table entries: 1024 (order: 3, 32768 bytes)
[    0.341352] UDP-Lite hash table entries: 1024 (order: 3, 32768 bytes)
[    0.342590] NET: Registered protocol family 1
[    0.343907] pci 0000:00:00.0: Limiting direct PCI/PCI transfers
[    0.345026] pci 0000:00:01.0: Activating ISA DMA hang workarounds
[    0.346150] pci 0000:00:02.0: Video device with shadowed ROM at [mem 0x000c0000-0x000dffff]
[    0.348041] Unpacking initramfs...
[    0.603399] Freeing initrd memory: 19144K
[    0.604527] clocksource: tsc: mask: 0xffffffffffffffff max_cycles: 0x229835b7123, max_idle_ns: 440795242976 ns
[    0.606390] platform rtc_cmos: registered platform RTC device (no PNP device found)
[    0.607855] Scanning for low memory corruption every 60 seconds
[    0.610514] Initialise system trusted keyrings
[    0.611626] Key type blacklist registered
[    0.612690] workingset: timestamp_bits=36 max_order=19 bucket_order=0
[    0.614633] zbud: loaded
[    0.615728] squashfs: version 4.0 (2009/01/31) Phillip Lougher
[    0.617184] fuse init (API version 7.26)
[    0.620724] Key type asymmetric registered
[    0.621551] Asymmetric key parser 'x509' registered
[    0.622516] Block layer SCSI generic (bsg) driver version 0.4 loaded (major 246)
[    0.624011] io scheduler noop registered
[    0.624856] io scheduler deadline registered
[    0.625721] io scheduler cfq registered (default)
[    0.627815] ACPI: AC Adapter [AC] (on-line)
[    0.628833] input: Power Button as /devices/LNXSYSTM:00/LNXPWRBN:00/input/input0
[    0.630500] ACPI: Power Button [PWRF]
[    0.631377] input: Sleep Button as /devices/LNXSYSTM:00/LNXSLPBN:00/input/input1
[    0.633137] ACPI: Sleep Button [SLPF]
[    0.635675] ACPI: Battery Slot [BAT0] (battery present)
[    0.636181] Serial: 8250/16550 driver, 32 ports, IRQ sharing enabled
[    0.659278] 00:02: ttyS0 at I/O 0x3f8 (irq = 4, base_baud = 115200) is a 16550A
[    0.662229] Linux agpgart interface v0.103
[    0.663829] loop: module loaded
[    0.665886] scsi host0: ata_piix
[    0.667321] scsi host1: ata_piix
[    0.668397] ata1: PATA max UDMA/33 cmd 0x1f0 ctl 0x3f6 bmdma 0xd000 irq 14
[    0.669634] ata2: PATA max UDMA/33 cmd 0x170 ctl 0x376 bmdma 0xd008 irq 15
[    0.670960] libphy: Fixed MDIO Bus: probed
[    0.671958] tun: Universal TUN/TAP device driver, 1.6
[    0.672987] PPP generic driver version 2.4.2
[    0.673818] ehci_hcd: USB 2.0 'Enhanced' Host Controller (EHCI) Driver
[    0.675435] ehci-pci: EHCI PCI platform driver
[    0.676372] ehci-platform: EHCI generic platform driver
[    0.677354] ohci_hcd: USB 1.1 'Open' Host Controller (OHCI) Driver
[    0.678473] ohci-pci: OHCI PCI platform driver
[    0.679305] ohci-platform: OHCI generic platform driver
[    0.680301] uhci_hcd: USB Universal Host Controller Interface driver
[    0.681501] i8042: PNP: PS/2 Controller [PNP0303:PS2K,PNP0f03:PS2M] at 0x60,0x64 irq 1,12
[    0.683696] serio: i8042 KBD port at 0x60,0x64 irq 1
[    0.684703] serio: i8042 AUX port at 0x60,0x64 irq 12
[    0.685704] mousedev: PS/2 mouse device common for all mice
[    0.686920] input: AT Translated Set 2 keyboard as /devices/platform/i8042/serio0/input/input2
[    0.688966] rtc_cmos rtc_cmos: rtc core: registered rtc_cmos as rtc0
[    0.690798] rtc_cmos rtc_cmos: alarms up to one day, 114 bytes nvram
[    0.692045] i2c /dev entries driver
[    0.692825] device-mapper: uevent: version 1.0.3
[    0.693776] device-mapper: ioctl: 4.37.0-ioctl (2017-09-20) initialised: dm-devel@redhat.com
[    0.695343] ledtrig-cpu: registered to indicate activity on CPUs
[    0.696942] NET: Registered protocol family 10
[    0.700850] Segment Routing with IPv6
[    0.701753] NET: Registered protocol family 17
[    0.702657] Key type dns_resolver registered
[    0.703588] mce: Using 0 MCE banks
[    0.704261] RAS: Correctable Errors collector initialized.
[    0.705260] sched_clock: Marking stable (704248261, 0)->(869022014, -164773753)
[    0.706976] registered taskstats version 1
[    0.708049] Loading compiled-in X.509 certificates
[    0.710587] Loaded X.509 cert 'Build time autogenerated kernel key: 01a66adcc10ca4ce7676a3458c33483b0e2b806e'
[    0.712414] zswap: loaded using pool lzo/zbud
[    0.715913] Key type big_key registered
[    0.717022] Key type trusted registered
[    0.719069] Key type encrypted registered
[    0.719816] AppArmor: AppArmor sha1 policy hashing enabled
[    0.720835] ima: No TPM chip found, activating TPM-bypass! (rc=-19)
[    0.721934] ima: Allocated hash algorithm: sha1
[    0.722876] evm: HMAC attrs: 0x1
[    0.723879]   Magic number: 11:932:523
[    0.725008] rtc_cmos rtc_cmos: setting system clock to 2019-11-21 08:32:06 UTC (1574325126)
[    0.726686] BIOS EDD facility v0.16 2004-Jun-25, 0 devices found
[    0.727786] EDD information not available.
[    0.837110] Freeing unused kernel image memory: 2436K
[    0.854508] Write protecting the kernel read-only data: 20480k
[    0.859541] Freeing unused kernel image memory: 2008K
[    0.861843] Freeing unused kernel image memory: 1884K
[    0.869936] x86/mm: Checked W+X mappings: passed, no W+X pages found.
[    0.871907] x86/mm: Checking user space page tables
[    0.877818] x86/mm: Checked W+X mappings: passed, no W+X pages found.
Loading, please wait...
starting version 237
[    0.933379] e1000: Intel(R) PRO/1000 Network Driver - version 7.3.21-k8-NAPI
[    0.935288] e1000: Copyright (c) 1999-2006 Intel Corporation.
[    0.939154] Fusion MPT base driver 3.04.20
[    0.940385] Copyright (c) 1999-2008 LSI Corporation
[    0.943678] Fusion MPT SPI Host driver 3.04.20
[    0.972489] AVX2 version of gcm_enc/dec engaged.
[    0.973866] AES CTR mode by8 optimization enabled
[    1.158982] input: ImExPS/2 Generic Explorer Mouse as /devices/platform/i8042/serio1/input/input4
[    1.345433] e1000 0000:00:03.0 eth0: (PCI:33MHz:32-bit) 02:c7:16:cf:84:50
[    1.347256] e1000 0000:00:03.0 eth0: Intel(R) PRO/1000 Network Connection
[    1.349277] mptbase: ioc0: Initiating bringup
[    1.484981] ioc0: LSI53C1030 A0: Capabilities={Initiator}
[    2.286949] scsi host2: ioc0: LSI53C1030 A0, FwRev=00000000h, Ports=1, MaxQ=256, IRQ=20
[    3.145464] scsi 2:0:0:0: Direct-Access     VBOX     HARDDISK         1.0  PQ: 0 ANSI: 5
[    3.188221] scsi target2:0:0: Beginning Domain Validation
[    3.193234] scsi target2:0:0: Domain Validation skipping write tests
[    3.195350] scsi target2:0:0: Ending Domain Validation
[    3.196808] scsi target2:0:0: asynchronous
[    3.198330] scsi 2:0:1:0: Direct-Access     VBOX     HARDDISK         1.0  PQ: 0 ANSI: 5
[    3.504884] scsi target2:0:1: Beginning Domain Validation
[    3.508631] random: fast init done
[    3.509883] scsi target2:0:1: Domain Validation skipping write tests
[    3.511167] scsi target2:0:1: Ending Domain Validation
[    3.512220] scsi target2:0:1: asynchronous
[    3.515859] random: systemd-udevd: uninitialized urandom read (16 bytes read)
[    3.516172] sd 2:0:0:0: [sda] 20971520 512-byte logical blocks: (10.7 GB/10.0 GiB)
[    3.517767] random: systemd-udevd: uninitialized urandom read (16 bytes read)
[    3.519146] sd 2:0:0:0: Attached scsi generic sg0 type 0
[    3.520420] random: systemd-udevd: uninitialized urandom read (16 bytes read)
[    3.522689] sd 2:0:0:0: [sda] Write Protect is off
[    3.523664] sd 2:0:0:0: [sda] Incomplete mode parameter data
[    3.525443] sd 2:0:0:0: [sda] Assuming drive cache: write through
[    3.526774] sd 2:0:1:0: Attached scsi generic sg1 type 0
[    3.527906] sd 2:0:1:0: [sdb] 20480 512-byte logical blocks: (10.5 MB/10.0 MiB)
[    3.529112]  sda: sda1
[    3.530378] sd 2:0:1:0: [sdb] Write Protect is off
[    3.531849] sd 2:0:1:0: [sdb] Incomplete mode parameter data
[    3.532342] sd 2:0:0:0: [sda] Attached SCSI disk
[    3.533243] sd 2:0:1:0: [sdb] Assuming drive cache: write through
[    3.546247] sd 2:0:1:0: [sdb] Attached SCSI disk
[    3.550458] e1000 0000:00:08.0 eth1: (PCI:33MHz:32-bit) 08:00:27:5d:7d:af
[    3.551766] e1000 0000:00:08.0 eth1: Intel(R) PRO/1000 Network Connection
[    3.555368] e1000 0000:00:08.0 enp0s8: renamed from eth1
[    3.573680] e1000 0000:00:03.0 enp0s3: renamed from eth0
Begin: Loading essential drivers ... [    4.940229] raid6: sse2x1   gen() 13985 MB/s
[    4.988040] raid6: sse2x1   xor() 10007 MB/s
[    5.036451] raid6: sse2x2   gen() 15536 MB/s
[    5.084160] raid6: sse2x2   xor() 11042 MB/s
[    5.134287] raid6: sse2x4   gen() 20897 MB/s
[    5.180152] raid6: sse2x4   xor() 11936 MB/s
[    5.232091] raid6: avx2x1   gen() 30526 MB/s
[    5.283836] raid6: avx2x1   xor() 20608 MB/s
[    5.332045] raid6: avx2x2   gen() 33012 MB/s
[    5.380203] raid6: avx2x2   xor() 21160 MB/s
[    5.428103] raid6: avx2x4   gen() 37927 MB/s
[    5.477564] raid6: avx2x4   xor() 24054 MB/s
[    5.478771] raid6: using algorithm avx2x4 gen() 37927 MB/s
[    5.480050] raid6: .... xor() 24054 MB/s, rmw enabled
[    5.481163] raid6: using avx2x2 recovery algorithm
[    5.483231] xor: automatically using best checksumming function   avx       
[    5.485658] async_tx: api initialized (async)
done.
Begin: Running /scripts/init-premount ... done.
Begin: Mounting root file system ... Begin: Running /scripts/local-top ... done.
Begin: Running /scripts/local-premount ... [    5.521621] Btrfs loaded, crc32c=crc32c-intel
Scanning for Btrfs filesystems
done.
Warning: fsck not present, so skipping root file system
[    5.545345] EXT4-fs (sda1): mounted filesystem with ordered data mode. Opts: (null)
done.
Begin: Running /scripts/local-bottom ... done.
Begin: Running /scripts/init-bottom ... done.
[    5.708362] ip_tables: (C) 2000-2006 Netfilter Core Team
[    5.715723] systemd[1]: systemd 237 running in system mode. (+PAM +AUDIT +SELINUX +IMA +APPARMOR +SMACK +SYSVINIT +UTMP +LIBCRYPTSETUP +GCRYPT +GNUTLS +ACL +XZ +LZ4 +SECCOMP +BLKID +ELFUTILS +KMOD -IDN2 +IDN -PCRE2 default-hierarchy=hybrid)
[    5.719704] systemd[1]: Detected virtualization oracle.
[    5.720707] systemd[1]: Detected architecture x86-64.

Welcome to [1mUbuntu 18.04.3 LTS[0m!

[    5.725910] systemd[1]: Set hostname to <ubuntu>.
[    5.730226] systemd[1]: Initializing machine ID from random generator.
[    5.731445] systemd[1]: Installed transient /etc/machine-id file.
[    5.947170] systemd[1]: Reached target Swap.
[[0;32m  OK  [0m] Reached target Swap.
[    5.948926] systemd[1]: Set up automount Arbitrary Executable File Formats File System Automount Point.
[[0;32m  OK  [0m] Set up automount Arbitrary Executab…rmats File System Automount Point.
[    5.951893] systemd[1]: Reached target User and Group Name Lookups.
[[0;32m  OK  [0m] Reached target User and Group Name Lookups.
[    5.969577] systemd[1]: Created slice System Slice.
[[0;32m  OK  [0m] Created slice System Slice.
[[0;32m  OK  [0m] Listening on Journal Socket.
[[0;32m  OK  [0m] Created slice system-serial\x2dgetty.slice.
[[0;32m  OK  [0m] Listening on Network Service Netlink Socket.
[[0;32m  OK  [0m] Listening on LVM2 poll daemon socket.
[[0;32m  OK  [0m] Listening on Journal Audit Socket.
[[0;32m  OK  [0m] Listening on udev Kernel Socket.
[[0;32m  OK  [0m] Listening on Syslog Socket.
[[0;32m  OK  [0m] Started Forward Password Requests to Wall Directory Watch.
         Starting Remount Root and Kernel File Systems...
         Starting Set the console keyboard layout...
[[0;32m  OK  [0m] Listening on Device-mapper event daemon FIFOs.
[[0;32m  OK  [0m] Reached target System Time Synchronized.
[[0;32m  OK  [0m] Listening on udev Control Socket.
[    6.086446] EXT4-fs (sda1): re-mounted. Opts: (null)
         Starting udev Coldplug all Devices...
         Mounting Kernel Debug File System...
         Mounting Huge Pages File System...
         Starting Load Kernel Modules...
[[0;32m  OK  [0m] Listening on Journal Socket (/dev/log).
         Starting Journal Service...
[[0;32m  OK  [0m] Created slice User and Session Slice.
[[0;32m  OK  [0m] Reached target Slices.
         Starting Uncomplicated firewall...
         Mounting POSIX Message Queue File System...
[[0;32m  OK  [0m] Listening on LVM2 metadata daemon socket.
         Starting Monitoring of LVM2 mirrors…ng dmeventd or progress polling...
         Starting Create list of required st…ce nodes for the current kernel...
[[0;32m  OK  [0m] Listening on /dev/initctl Compatibility Named Pipe.
[[0;32m  OK  [0m] Started Remount Root and Kernel File Systems.
[[0;32m  OK  [0m] Mounted Kernel Debug File System.
[[0;32m  OK  [0m] Mounted Huge Pages File System.
[[0;32m  OK  [0m] Mounted POSIX Message Queue File System.
[    6.144420] Loading iSCSI transport class v2.0-870.
         Starting Load/Save Random Seed...
[[0;32m  OK  [0m] Started Uncomplicated firewall.
[[0;32m  OK  [0m] Started Journal Service.
[[0;32m  OK  [0m] Started Create list of required sta…vice nodes for the current kernel.
[    6.216958] iscsi: registered transport (tcp)
[[0;32m  OK  [0m] Started udev Coldplug all Devices.
[[0;32m  OK  [0m] Started LVM2 metadata daemon.
         Starting Create Static Device Nodes in /dev...
[    6.257615] iscsi: registered transport (iser)
         Starting Flush Journal to Persistent Storage...
[[0;32m  OK  [0m] Started Load Kernel Modules.
[[0;32m  OK  [0m] Started Load/Save Random Seed.
         Starting Apply Kernel Variables...
         Mounting FUSE Control File System...
         Mounting Kernel Configuration File System...
[[0;32m  OK  [0m] Mounted FUSE Control File System.
[[0;32m  OK  [0m] Mounted Kernel Configuration File System.
[[0;32m  OK  [0m] Started Create Static Device Nodes in /dev.
         Starting udev Kernel Device Manager...
[[0;32m  OK  [0m] Started Monitoring of LVM2 mirrors,…sing dmeventd or progress polling.
[[0;32m  OK  [0m] Started Apply Kernel Variables.
[[0;32m  OK  [0m] Started udev Kernel Device Manager.
[[0;32m  OK  [0m] Started Flush Journal to Persistent Storage.
[[0;32m  OK  [0m] Found device /dev/ttyS0.
[[0;32m  OK  [0m] Listening on Load/Save RF Kill Switch Status /dev/rfkill Watch.
[[0;32m  OK  [0m] Started Set the console keyboard layout.
[[0;32m  OK  [0m] Started Dispatch Password Requests to Console Directory Watch.
[[0;32m  OK  [0m] Reached target Local Encrypted Volumes.
[[0;32m  OK  [0m] Reached target Local File Systems (Pre).
[[0;32m  OK  [0m] Reached target Local File Systems.
         Starting ebtables ruleset management...
         Starting Tell Plymouth To Write Out Runtime Data...
         Starting AppArmor initialization...
         Starting Set console font and keymap...
         Starting Commit a transient machine-id on disk...
         Starting Create Volatile Files and Directories...
[[0;32m  OK  [0m] Started Tell Plymouth To Write Out Runtime Data.
[[0;32m  OK  [0m] Started Set console font and keymap.
[[0;32m  OK  [0m] Started Create Volatile Files and Directories.
         Starting Update UTMP about System Boot/Shutdown...
[[0;32m  OK  [0m] Started Update UTMP about System Boot/Shutdown.
[[0;32m  OK  [0m] Started ebtables ruleset management.
[[0;32m  OK  [0m] Started Commit a transient machine-id on disk.
[[0;32m  OK  [0m] Started AppArmor initialization.
         Starting Initial cloud-init job (pre-networking)...
[    8.556510] cloud-init[684]: Cloud-init v. 19.2-36-g059d049c-0ubuntu2~18.04.1 running 'init-local' at Thu, 21 Nov 2019 08:32:13 +0000. Up 8.22 seconds.
[[0;32m  OK  [0m] Started Initial cloud-init job (pre-networking).
[[0;32m  OK  [0m] Reached target Network (Pre).
         Starting Network Service...
[[0;32m  OK  [0m] Started Network Service.
         Starting Network Name Resolution...
         Starting Wait for Network to be Configured...
[[0;32m  OK  [0m] Started Network Name Resolution.
[[0;32m  OK  [0m] Reached target Network.
[[0;32m  OK  [0m] Reached target Host and Network Name Lookups.
[[0;32m  OK  [0m] Started Wait for Network to be Configured.
         Starting Initial cloud-init job (metadata service crawler)...
[   10.537780] cloud-init[809]: Cloud-init v. 19.2-36-g059d049c-0ubuntu2~18.04.1 running 'init' at Thu, 21 Nov 2019 08:32:16 +0000. Up 10.41 seconds.
[   10.541320] cloud-init[809]: ci-info: ++++++++++++++++++++++++++++++++++++++Net device info+++++++++++++++++++++++++++++++++++++++
[   10.543874] cloud-init[809]: ci-info: +--------+-------+----------------------------+---------------+--------+-------------------+
[   10.547011] cloud-init[809]: ci-info: | Device |   Up  |          Address           |      Mask     | Scope  |     Hw-Address    |
[   10.549547] cloud-init[809]: ci-info: +--------+-------+----------------------------+---------------+--------+-------------------+
[   10.553163] cloud-init[809]: ci-info: | enp0s3 |  True |         10.0.2.15          | 255.255.255.0 | global | 02:c7:16:cf:84:50 |
[   10.555879] cloud-init[809]: ci-info: | enp0s3 |  True | fe80::c7:16ff:fecf:8450/64 |       .       |  link  | 02:c7:16:cf:84:50 |
[   10.558856] cloud-init[809]: ci-info: | enp0s8 | False |             .              |       .       |   .    | 08:00:27:5d:7d:af |
[   10.561077] cloud-init[809]: ci-info: |   lo   |  True |         127.0.0.1          |   255.0.0.0   |  host  |         .         |
[   10.563693] cloud-init[809]: ci-info: |   lo   |  True |          ::1/128           |       .       |  host  |         .         |
[   10.565903] cloud-init[809]: ci-info: +--------+-------+----------------------------+---------------+--------+-------------------+
[   10.569238] cloud-init[809]: ci-info: ++++++++++++++++++++++++++++Route IPv4 info+++++++++++++++++++++++++++++
[   10.571334] cloud-init[809]: ci-info: +-------+-------------+----------+-----------------+-----------+-------+
[   10.572998] cloud-init[809]: ci-info: | Route | Destination | Gateway  |     Genmask     | Interface | Flags |
[   10.574610] cloud-init[809]: ci-info: +-------+-------------+----------+-----------------+-----------+-------+
[   10.576278] cloud-init[809]: ci-info: |   0   |   0.0.0.0   | 10.0.2.2 |     0.0.0.0     |   enp0s3  |   UG  |
[   10.578798] cloud-init[809]: ci-info: |   1   |   10.0.2.0  | 0.0.0.0  |  255.255.255.0  |   enp0s3  |   U   |
[   10.581142] cloud-init[809]: ci-info: |   2   |   10.0.2.2  | 0.0.0.0  | 255.255.255.255 |   enp0s3  |   UH  |
[   10.582711] cloud-init[809]: ci-info: +-------+-------------+----------+-----------------+-----------+-------+
[   10.584264] cloud-init[809]: ci-info: +++++++++++++++++++Route IPv6 info+++++++++++++++++++
[   10.585586] cloud-init[809]: ci-info: +-------+-------------+---------+-----------+-------+
[   10.596517] cloud-init[809]: ci-info: | Route | Destination | Gateway | Interface | Flags |
[   10.597647] cloud-init[809]: ci-info: +-------+-------------+---------+-----------+-------+
[   10.598732] cloud-init[809]: ci-info: |   1   |  fe80::/64  |    ::   |   enp0s3  |   U   |
[   10.600134] cloud-init[809]: ci-info: |   3   |    local    |    ::   |   enp0s3  |   U   |
[   10.612309] cloud-init[809]: ci-info: |   4   |   ff00::/8  |    ::   |   enp0s3  |   U   |
[   10.613634] cloud-init[809]: ci-info: +-------+-------------+---------+-----------+-------+
[   11.601052] cloud-init[809]: Generating public/private rsa key pair.
[   11.616472] cloud-init[809]: Your identification has been saved in /etc/ssh/ssh_host_rsa_key.
[   11.618645] cloud-init[809]: Your public key has been saved in /etc/ssh/ssh_host_rsa_key.pub.
[   11.620817] cloud-init[809]: The key fingerprint is:
[   11.632835] cloud-init[809]: SHA256:LeRxA+15lgAEroKpGwyx5W3IGX4LDJIN4UBwAQZ/Tg4 root@ubuntu-bionic
[   11.635541] cloud-init[809]: The key's randomart image is:
[   11.637171] cloud-init[809]: +---[RSA 2048]----+
[   11.638560] cloud-init[809]: |@=o.  .o+o       |
[   11.639695] cloud-init[809]: |+*   .   .o      |
[   11.640709] cloud-init[809]: |=.E o . o.oo .   |
[   11.642169] cloud-init[809]: |.% @ . o +o.+    |
[   11.643481] cloud-init[809]: |= X B   S .o     |
[   11.644885] cloud-init[809]: |+  = .   .       |
[   11.646330] cloud-init[809]: |o.  .            |
[   11.647561] cloud-init[809]: | o               |
[   11.648827] cloud-init[809]: |.                |
[   11.661748] cloud-init[809]: +----[SHA256]-----+
[   11.663093] cloud-init[809]: Generating public/private dsa key pair.
[   11.664607] cloud-init[809]: Your identification has been saved in /etc/ssh/ssh_host_dsa_key.
[   11.666408] cloud-init[809]: Your public key has been saved in /etc/ssh/ssh_host_dsa_key.pub.
[   11.667873] cloud-init[809]: The key fingerprint is:
[   11.669050] cloud-init[809]: SHA256:4faDTMk6fRjEjImVK9ezHkEi69MJDTfBLknA2OJRH0M root@ubuntu-bionic
[   11.671003] cloud-init[809]: The key's randomart image is:
[   11.672464] cloud-init[809]: +---[DSA 1024]----+
[   11.673695] cloud-init[809]: | +oo.Eoo         |
[   11.674717] cloud-init[809]: |o.o =oO=.        |
[[0;32m  OK  [0m[   11.684409] cloud-init[809]: |.....Xo*=        |
[   11.685203] cloud-init[809]: | .  * =++o       |
[   11.685302] cloud-init[809]: |   . * .S+       |
[   11.685330] cloud-init[809]: |    o o*o=       |
] Started Initial cloud-init job (metadata service crawler).
[   11.685853] cloud-init[809]: |     .o.=.+      |
[   11.690710] cloud-init[809]: |       ... .     |
[   11.691838] cloud-init[809]: |                 |
[   11.692843] cloud-init[809]: +----[SHA256]-----+
[   11.693551] cloud-init[809]: Generating public/private ecdsa key pair.
[   11.693965] cloud-init[809]: Your identification has been saved in /etc/ssh/ssh_host_ecdsa_key.
[   11.695012] cloud-init[809]: Your public key has been saved in /etc/ssh/ssh_host_ecdsa_key.pub.
[   11.695902] cloud-init[809]: The key fingerprint is:
[   11.696863] cloud-init[809]: SHA256:kv0y4QUPXhW879Z1PGqGdxPqEqWn/IOm/U0c9oGQurU root@ubuntu-bionic
[[0;32m  OK  [0m] Reached target Network is Online.
[   11.697415] cloud-init[809]: The key's randomart image is:
[   11.703187] cloud-init[809]: +---[ECDSA 256]---+
[   11.703985] cloud-init[809]: |           .o.   |
[   11.704870] cloud-init[809]: |           .o    |
[   11.705630] cloud-init[809]: |        o .o .   |
[   11.706389] cloud-init[809]: |       + =. o..  |
         [   11.716265] cloud-init[809]: |      o S.o.oo = |
[   11.716405] cloud-init[809]: |       o +oo..+oB|
Starting Availability of block devices...
[[0;32m  OK  [0m] Reached target Remote File Systems (Pre).
[[0;32m  OK  [0m] Reached target Remote File Systems.
[[0;32m  OK  [0m] Reached target System Initialization.
[   11.716606] [[0;32m  OK  [0m] Listening on ACPID Listen Socket.
cloud-init[809]: |        +.oE*.o+*|
[[0;32m  OK  [0m] Started Daily apt download activities.
[   11.753923] [cloud-init[809]: [0;32m  OK  [0m|         o.B B=o.|] 
Started Discard unused blocks once a week.
[[0;32m  OK  [0m] Listening on Open-iSCSI iscsid Socket.
[   11.777083] cloud-init[[809]: [0;32m  OK  [0m|         .o.O=o..|] 
Started Message of the Day.
[[0;32m  OK  [0m] Listening on UUID daemon activation socket.
[   11.801597] cloud-init[809]: +----[SHA256]-----+
[   11.813099] cloud-init[809]: Generating public/private ed25519 key pair.
         Starting Socket activation for snappy daemon.
[[0;32m  OK  [0m] Listening on D-Bus System Message Bus Socket.
[   11.814505] [[0;32m  OK  [0m] Started Daily apt upgrade and clean activities.
[[0;32m  OK  [0m] Started ACPI Events Check.
[[0;32m  OK  [0m] Reached target Paths.
[[0;32m  OK  [0m] Started Daily Cleanup of Temporary Directories.
[[0;32m  OK  [0m] Reached target Timers.
cloud-init[809]: Your identification has been saved in /etc/ssh/ssh_host_ed25519_key.
         Starting LXD - unix socket.
[[0;32m  OK  [0m] Reached target Cloud-config availability.
[   11.838614] cloud-init[809]: Your public key has been saved in /etc/ssh/ssh_host_ed25519_key.pub.
[   11.854683] cloud-init[809]: The key fingerprint is:
[   11.855603] cloud-init[809]: SHA256:4+eNq7QC3+u673R3VwlXLmpqRIT+ZuM5QEtmSps/f1Q root@ubuntu-bionic
[[   11.857578] cloud-init[809]: The key's randomart image is:
[   11.857758] cloud-init[809]: +--[ED25519 256]--+
[   11.858849] cloud-init[809]: |         ..     .|
[   11.859989] cloud-init[809]: |        ..     ..|
[   11.860791] cloud-init[809]: |       .  .  ....|
[   11.862099] cloud-init[809]: |      . *.   .E..|
[   11.862395] cloud-init[809]: |     . OSo. o. ..|
[   11.863227] cloud-init[809]: |    . +.oo=o.   .|
[   11.864345] cloud-init[809]: |     o o+==+. . .|
[0;32m  OK  [0m[   11.866381] cloud-init[809]: |      oo+*++.. . |
[   11.866971] cloud-init[809]: |      oBB==+.    |
[   11.867745] cloud-init[809]: +----[SHA256]-----+
] Started Availability of block devices.
[[0;32m  OK  [0m] Listening on Socket activation for snappy daemon.
[[0;32m  OK  [0m] Listening on LXD - unix socket.
[[0;32m  OK  [0m] Reached target Sockets.
[[0;32m  OK  [0m] Reached target Basic System.
         Starting LXD - container startup/shutdown...
         Starting Login Service...
         Starting Accounts Service...
         Starting LSB: automatic crash report generation...
[[0;32m  OK  [0m] Started Deferred execution scheduler.
[[0;32m  OK  [0m] Started irqbalance daemon.
         Starting Virtualbox guest utils...
         Starting LSB: Record successful boot for GRUB...
         Starting System Logging Service...
         Starting Permit User Sessions...
[[0;32m  OK  [0m] Started FUSE filesystem for LXC.
         Starting Snappy daemon...
         Starting Pollinate to seed the pseudo random number generator...
         Starting Dispatcher daemon for systemd-networkd...
[[0;32m  OK  [0m] Started D-Bus System Message Bus.
[[0;32m  OK  [0m] Started Regular background program processing daemon.
[[0;32m  OK  [0m] Started System Logging Service.
[[0;32m  OK  [0m] Started LXD - container startup/shutdown.
[[0;32m  OK  [0m] Started Permit User Sessions.
[[0;32m  OK  [0m] Started Login Service.
         Starting Authorization Manager...
[[0;32m  OK  [0m] Started Unattended Upgrades Shutdown.
         Starting Hold until boot process finishes up...
         Starting Terminate Plymouth Boot Screen...
[[0;32m  OK  [0m] Started Hold until boot process finishes up.
         Starting Set console scheme...
[[0;32m  OK  [0m] Started Serial Getty on ttyS0.
[[0;32m  OK  [0m] Started Terminate Plymouth Boot Screen.
[[0;32m  OK  [0m] Started Set console scheme.
[[0;32m  OK  [0m] Created slice system-getty.slice.
[[0;32m  OK  [0m] Started Getty on tty1.
[[0;32m  OK  [0m] Reached target Login Prompts.
[[0;32m  OK  [0m] Started LSB: automatic crash report generation.
[[0;32m  OK  [0m] Started Authorization Manager.
[[0;32m  OK  [0m] Started Accounts Service.
[[0;32m  OK  [0m] Started LSB: Record successful boot for GRUB.
[[0;32m  OK  [0m] Started Virtualbox guest utils.
[[0;32m  OK  [0m] Started Dispatcher daemon for systemd-networkd.
[[0;32m  OK  [0m] Started Snappy daemon.
         Starting Wait until snapd is fully seeded...
[[0;32m  OK  [0m] Started Pollinate to seed the pseudo random number generator.
         Starting OpenBSD Secure Shell server...
[[0;32m  OK  [0m] Started OpenBSD Secure Shell server.
[[0;32m  OK  [0m] Created slice User Slice of vagrant.
         Starting User Manager for UID 1000...
[[0;32m  OK  [0m] Started Session 1 of user vagrant.
[[0;32m  OK  [0m] Started User Manager for UID 1000.

Ubuntu 18.04.3 LTS ubuntu-bionic ttyS0

ubuntu-bionic login: [   24.989503] cloud-init[2157]: Cloud-init v. 19.2-36-g059d049c-0ubuntu2~18.04.1 running 'modules:config' at Thu, 21 Nov 2019 08:32:30 +0000. Up 24.68 seconds.
ci-info: no authorized ssh keys fingerprints found for user ubuntu.
<14>Nov 21 08:32:31 ec2: 
<14>Nov 21 08:32:31 ec2: #############################################################
<14>Nov 21 08:32:31 ec2: -----BEGIN SSH HOST KEY FINGERPRINTS-----
<14>Nov 21 08:32:31 ec2: 1024 SHA256:4faDTMk6fRjEjImVK9ezHkEi69MJDTfBLknA2OJRH0M root@ubuntu-bionic (DSA)
<14>Nov 21 08:32:31 ec2: 256 SHA256:kv0y4QUPXhW879Z1PGqGdxPqEqWn/IOm/U0c9oGQurU root@ubuntu-bionic (ECDSA)
<14>Nov 21 08:32:31 ec2: 256 SHA256:4+eNq7QC3+u673R3VwlXLmpqRIT+ZuM5QEtmSps/f1Q root@ubuntu-bionic (ED25519)
<14>Nov 21 08:32:31 ec2: 2048 SHA256:LeRxA+15lgAEroKpGwyx5W3IGX4LDJIN4UBwAQZ/Tg4 root@ubuntu-bionic (RSA)
<14>Nov 21 08:32:31 ec2: -----END SSH HOST KEY FINGERPRINTS-----
<14>Nov 21 08:32:31 ec2: #############################################################
-----BEGIN SSH HOST KEY KEYS-----
ecdsa-sha2-nistp256 AAAAE2VjZHNhLXNoYTItbmlzdHAyNTYAAAAIbmlzdHAyNTYAAABBBBGxSJjDXhGbehajU2WSSCW1hJu6dI44O8J1gPITWPbBaysHLEdu14ptY2rY9M8NIW/MfIPNceeBehb0DbmpWN8= root@ubuntu-bionic
ssh-ed25519 AAAAC3NzaC1lZDI1NTE5AAAAIEy/amJr1+XD1dVce/tre4zAQxKwwOUs/PfldbXqP7Rv root@ubuntu-bionic
ssh-rsa AAAAB3NzaC1yc2EAAAADAQABAAABAQDkI5lD3UPSMfIuBsl9K/gAoZFQe3ggmU0jhJdxazTvCAHQVlT5Kxc6w+YSVIcgARlaiaaSeb2q/EOPOpwzZGrLsD1t03ObvMXNFurVdNFpamBzhlxPKuCnjbddRVJefJCQs2Sflfp+90TVCh6dkFoZMxuULmBT5YO8A12FEK/+U+z5K8i4MEPowEVVC+yMKJ59WgWtyNDjtA5wUIuEVMwZTepwCbkG+uqOs20GwEcrQ61RsEbmGqLWEsTq1Q4LKcrKUXb4WOA5a7sbyftbRd2LltG1/K2/PhWD29+u8Ivq4bOe2pAj4SC+m4bRsijntC1cMHmpncX5dzPfsRFy1D7T root@ubuntu-bionic
-----END SSH HOST KEY KEYS-----
[   25.432762] cloud-init[2268]: Cloud-init v. 19.2-36-g059d049c-0ubuntu2~18.04.1 running 'modules:final' at Thu, 21 Nov 2019 08:32:31 +0000. Up 25.31 seconds.
[   25.433225] cloud-init[2268]: ci-info: no authorized ssh keys fingerprints found for user ubuntu.
[   25.433321] cloud-init[2268]: Cloud-init v. 19.2-36-g059d049c-0ubuntu2~18.04.1 finished at Thu, 21 Nov 2019 08:32:31 +0000. Datasource DataSourceNoCloud [seed=/dev/sdb][dsmode=net].  Up 25.41 seconds
